2025-08-03T19:00:30 exception: Failed to open "/home/yuusha/.mpd/mpdstate": No such file or directory
2025-08-03T19:00:30 update: added /莫问归期.mp3
2025-08-03T19:00:30 update: added /o,Tuan.mp3
2025-08-03T19:00:30 update: added /MẠC VẤN QUY KỲ x QUAN SƠN TỬU - VIETZ REMIX ｜ NHẠC HOA HOT TIKTOK 2023.mp3
2025-08-03T19:00:30 update: added /MẠC VẤN QUY KỲ - MELODY REMIX.mp3
2025-08-03T19:00:30 update: added /Full Moon Full Life.mp3
2025-08-03T19:00:30 update: added /キミの記憶.mp3
2025-08-03T19:00:30 update: added /辞九门回忆.mp3
2025-08-03T19:02:13 exception: Failed to create /home/yuusha/.mpd/mpdstate: No such file or directory
2025-08-03T19:05:14 exception: Failed to open "/home/yuusha/.mpd/mpdstate": No such file or directory
2025-08-03T19:05:21 exception: Failed to create /home/yuusha/.mpd/mpdstate: No such file or directory
2025-08-03T19:05:23 exception: Failed to open "/home/yuusha/.mpd/mpdstate": No such file or directory
2025-08-03T19:10:22 exception: Failed to create /home/yuusha/.mpd/mpdstate: No such file or directory
2025-08-03T19:18:17 player: played "Full Moon Full Life.mp3"
2025-08-03T19:19:01 player: played "o,Tuan.mp3"
2025-08-03T19:25:06 player: played "辞九门回忆.mp3"
2025-08-04T23:42:00 exception: Failed to decode "/home/yuusha/Music/辞九门回忆.mp3"; Failed to open "/home/yuusha/Music/辞九门回忆.mp3": No such file or directory
2025-08-04T23:42:00 player: played "辞九门回忆.mp3"
2025-08-04T23:42:00 exception: Failed to decode "/home/yuusha/Music/キミの記憶.mp3"; Failed to open "/home/yuusha/Music/キミの記憶.mp3": No such file or directory
2025-08-04T23:42:00 player: played "キミの記憶.mp3"
2025-08-04T23:42:10 exception: Failed to decode "/home/yuusha/Music/Full Moon Full Life.mp3"; Failed to open "/home/yuusha/Music/Full Moon Full Life.mp3": No such file or directory
2025-08-04T23:42:10 player: played "Full Moon Full Life.mp3"
2025-08-04T23:42:10 exception: Failed to decode "/home/yuusha/Music/Full Moon Full Life.mp3"; Failed to open "/home/yuusha/Music/Full Moon Full Life.mp3": No such file or directory
2025-08-04T23:42:10 exception: Failed to decode "/home/yuusha/Music/o,Tuan.mp3"; Failed to open "/home/yuusha/Music/o,Tuan.mp3": No such file or directory
2025-08-04T23:42:10 player: played "o,Tuan.mp3"
2025-08-04T23:42:10 exception: Failed to decode "/home/yuusha/Music/莫问归期.mp3"; Failed to open "/home/yuusha/Music/莫问归期.mp3": No such file or directory
2025-08-04T23:42:10 player: played "莫问归期.mp3"
2025-08-04T23:42:10 exception: Failed to decode "/home/yuusha/Music/辞九门回忆.mp3"; Failed to open "/home/yuusha/Music/辞九门回忆.mp3": No such file or directory
2025-08-04T23:42:10 player: played "辞九门回忆.mp3"
2025-08-04T23:42:10 exception: Failed to decode "/home/yuusha/Music/キミの記憶.mp3"; Failed to open "/home/yuusha/Music/キミの記憶.mp3": No such file or directory
2025-08-04T23:42:10 player: played "キミの記憶.mp3"
2025-08-04T23:42:10 exception: Failed to decode "/home/yuusha/Music/MẠC VẤN QUY KỲ x QUAN SƠN TỬU - VIETZ REMIX ｜ NHẠC HOA HOT TIKTOK 2023.mp3"; Failed to open "/home/yuusha/Music/MẠC VẤN QUY KỲ x QUAN SƠN TỬU - VIETZ REMIX ｜ NHẠC HOA HOT TIKTOK 2023.mp3": No such file or directory
2025-08-04T23:42:10 player: played "MẠC VẤN QUY KỲ x QUAN SƠN TỬU - VIETZ REMIX ｜ NHẠC HOA HOT TIKTOK 2023.mp3"
2025-08-04T23:42:10 exception: Failed to decode "/home/yuusha/Music/MẠC VẤN QUY KỲ - MELODY REMIX.mp3"; Failed to open "/home/yuusha/Music/MẠC VẤN QUY KỲ - MELODY REMIX.mp3": No such file or directory
2025-08-04T23:42:10 player: played "MẠC VẤN QUY KỲ - MELODY REMIX.mp3"
2025-08-04T23:42:43 update: updating /莫问归期.mp3
2025-08-04T23:42:43 update: updating /辞九门回忆.mp3
2025-08-04T23:42:43 update: updating /o,Tuan.mp3
2025-08-04T23:42:43 update: updating /Full Moon Full Life.mp3
2025-08-04T23:42:43 update: updating /MẠC VẤN QUY KỲ x QUAN SƠN TỬU - VIETZ REMIX ｜ NHẠC HOA HOT TIKTOK 2023.mp3
2025-08-04T23:42:43 update: updating /キミの記憶.mp3
2025-08-04T23:42:43 update: updating /MẠC VẤN QUY KỲ - MELODY REMIX.mp3
2025-08-04T23:49:40 player: played "辞九门回忆.mp3"
2025-08-12T11:45:24 update: added /「Hot TikTok」Mạc Vấn Quy Kỳ (莫問歸期) x Ma Ma Masivo Remix (马马马C波 x MaSivo) - DJ旋律 Remix ｜ TikTok Douyin.mp3
2025-08-12T11:45:24 update: removing 辞九门回忆.mp3
2025-08-12T11:45:24 update: removing 莫问归期.mp3
2025-08-12T11:45:24 update: removing キミの記憶.mp3
2025-08-12T11:45:24 update: removing Full Moon Full Life.mp3
2025-08-12T11:45:24 update: removing o,Tuan.mp3
2025-08-12T11:45:24 update: removing MẠC VẤN QUY KỲ x QUAN SƠN TỬU - VIETZ REMIX ｜ NHẠC HOA HOT TIKTOK 2023.mp3
2025-08-12T11:45:24 update: removing MẠC VẤN QUY KỲ - MELODY REMIX.mp3
2025-08-12T11:47:58 player: played "「Hot TikTok」Mạc Vấn Quy Kỳ (莫問歸期) x Ma Ma Masivo Remix (马马马C波 x MaSivo) - DJ旋律 Remix ｜ TikTok Douyin.mp3"
2025-08-12T11:55:46 player: played "「Hot TikTok」Mạc Vấn Quy Kỳ (莫問歸期) x Ma Ma Masivo Remix (马马马C波 x MaSivo) - DJ旋律 Remix ｜ TikTok Douyin.mp3"
2025-08-12T12:10:33 player: played "「Hot TikTok」Mạc Vấn Quy Kỳ (莫問歸期) x Ma Ma Masivo Remix (马马马C波 x MaSivo) - DJ旋律 Remix ｜ TikTok Douyin.mp3"
2025-08-12T12:16:28 player: played "「Hot TikTok」Mạc Vấn Quy Kỳ (莫問歸期) x Ma Ma Masivo Remix (马马马C波 x MaSivo) - DJ旋律 Remix ｜ TikTok Douyin.mp3"
2025-08-12T12:23:05 player: played "「Hot TikTok」Mạc Vấn Quy Kỳ (莫問歸期) x Ma Ma Masivo Remix (马马马C波 x MaSivo) - DJ旋律 Remix ｜ TikTok Douyin.mp3"
2025-08-12T13:04:59 player: played "「Hot TikTok」Mạc Vấn Quy Kỳ (莫問歸期) x Ma Ma Masivo Remix (马马马C波 x MaSivo) - DJ旋律 Remix ｜ TikTok Douyin.mp3"
2025-08-12T13:07:30 player: played "「Hot TikTok」Mạc Vấn Quy Kỳ (莫問歸期) x Ma Ma Masivo Remix (马马马C波 x MaSivo) - DJ旋律 Remix ｜ TikTok Douyin.mp3"
2025-08-12T13:17:12 player: played "「Hot TikTok」Mạc Vấn Quy Kỳ (莫問歸期) x Ma Ma Masivo Remix (马马马C波 x MaSivo) - DJ旋律 Remix ｜ TikTok Douyin.mp3"
2025-08-12T13:29:53 player: played "「Hot TikTok」Mạc Vấn Quy Kỳ (莫問歸期) x Ma Ma Masivo Remix (马马马C波 x MaSivo) - DJ旋律 Remix ｜ TikTok Douyin.mp3"
2025-08-12T14:54:50 player: played "「Hot TikTok」Mạc Vấn Quy Kỳ (莫問歸期) x Ma Ma Masivo Remix (马马马C波 x MaSivo) - DJ旋律 Remix ｜ TikTok Douyin.mp3"
2025-08-12T14:57:50 player: played "「Hot TikTok」Mạc Vấn Quy Kỳ (莫問歸期) x Ma Ma Masivo Remix (马马马C波 x MaSivo) - DJ旋律 Remix ｜ TikTok Douyin.mp3"
2025-08-12T15:06:46 player: played "「Hot TikTok」Mạc Vấn Quy Kỳ (莫問歸期) x Ma Ma Masivo Remix (马马马C波 x MaSivo) - DJ旋律 Remix ｜ TikTok Douyin.mp3"
2025-08-12T15:10:02 player: played "「Hot TikTok」Mạc Vấn Quy Kỳ (莫問歸期) x Ma Ma Masivo Remix (马马马C波 x MaSivo) - DJ旋律 Remix ｜ TikTok Douyin.mp3"
2025-08-12T15:45:25 player: played "「Hot TikTok」Mạc Vấn Quy Kỳ (莫問歸期) x Ma Ma Masivo Remix (马马马C波 x MaSivo) - DJ旋律 Remix ｜ TikTok Douyin.mp3"
2025-08-12T15:58:06 player: played "「Hot TikTok」Mạc Vấn Quy Kỳ (莫問歸期) x Ma Ma Masivo Remix (马马马C波 x MaSivo) - DJ旋律 Remix ｜ TikTok Douyin.mp3"
2025-08-12T16:02:34 player: played "「Hot TikTok」Mạc Vấn Quy Kỳ (莫問歸期) x Ma Ma Masivo Remix (马马马C波 x MaSivo) - DJ旋律 Remix ｜ TikTok Douyin.mp3"
2025-08-12T16:05:51 update: added /MẠC VẤN QUY KỲ x QUAN SƠN TỬU - VIETZ REMIX ｜ NHẠC HOA HOT TIKTOK 2023.mp3
2025-08-12T16:05:51 update: updating /「Hot TikTok」Mạc Vấn Quy Kỳ (莫問歸期) x Ma Ma Masivo Remix (马马马C波 x MaSivo) - DJ旋律 Remix ｜ TikTok Douyin.mp3
2025-08-12T16:09:31 player: played "「Hot TikTok」Mạc Vấn Quy Kỳ (莫問歸期) x Ma Ma Masivo Remix (马马马C波 x MaSivo) - DJ旋律 Remix ｜ TikTok Douyin.mp3"
2025-08-12T16:14:09 player: played "MẠC VẤN QUY KỲ x QUAN SƠN TỬU - VIETZ REMIX ｜ NHẠC HOA HOT TIKTOK 2023.mp3"
2025-08-12T16:31:01 player: played "「Hot TikTok」Mạc Vấn Quy Kỳ (莫問歸期) x Ma Ma Masivo Remix (马马马C波 x MaSivo) - DJ旋律 Remix ｜ TikTok Douyin.mp3"
2025-08-12T16:35:40 player: played "MẠC VẤN QUY KỲ x QUAN SƠN TỬU - VIETZ REMIX ｜ NHẠC HOA HOT TIKTOK 2023.mp3"
2025-08-12T16:47:02 player: played "MẠC VẤN QUY KỲ x QUAN SƠN TỬU - VIETZ REMIX ｜ NHẠC HOA HOT TIKTOK 2023.mp3"
2025-08-12T19:28:06 player: played "「Hot TikTok」Mạc Vấn Quy Kỳ (莫問歸期) x Ma Ma Masivo Remix (马马马C波 x MaSivo) - DJ旋律 Remix ｜ TikTok Douyin.mp3"
2025-08-12T19:34:09 player: played "「Hot TikTok」Mạc Vấn Quy Kỳ (莫問歸期) x Ma Ma Masivo Remix (马马马C波 x MaSivo) - DJ旋律 Remix ｜ TikTok Douyin.mp3"
2025-08-12T19:38:47 player: played "MẠC VẤN QUY KỲ x QUAN SƠN TỬU - VIETZ REMIX ｜ NHẠC HOA HOT TIKTOK 2023.mp3"
2025-08-12T19:41:10 player: played "「Hot TikTok」Mạc Vấn Quy Kỳ (莫問歸期) x Ma Ma Masivo Remix (马马马C波 x MaSivo) - DJ旋律 Remix ｜ TikTok Douyin.mp3"
2025-08-12T19:45:48 player: played "MẠC VẤN QUY KỲ x QUAN SƠN TỬU - VIETZ REMIX ｜ NHẠC HOA HOT TIKTOK 2023.mp3"
2025-08-12T19:48:12 player: played "「Hot TikTok」Mạc Vấn Quy Kỳ (莫問歸期) x Ma Ma Masivo Remix (马马马C波 x MaSivo) - DJ旋律 Remix ｜ TikTok Douyin.mp3"
2025-08-12T19:52:51 player: played "MẠC VẤN QUY KỲ x QUAN SƠN TỬU - VIETZ REMIX ｜ NHẠC HOA HOT TIKTOK 2023.mp3"
2025-08-12T19:55:14 player: played "「Hot TikTok」Mạc Vấn Quy Kỳ (莫問歸期) x Ma Ma Masivo Remix (马马马C波 x MaSivo) - DJ旋律 Remix ｜ TikTok Douyin.mp3"
2025-08-12T19:59:52 player: played "MẠC VẤN QUY KỲ x QUAN SƠN TỬU - VIETZ REMIX ｜ NHẠC HOA HOT TIKTOK 2023.mp3"
2025-08-12T20:02:16 player: played "「Hot TikTok」Mạc Vấn Quy Kỳ (莫問歸期) x Ma Ma Masivo Remix (马马马C波 x MaSivo) - DJ旋律 Remix ｜ TikTok Douyin.mp3"
2025-08-12T20:08:46 player: played "「Hot TikTok」Mạc Vấn Quy Kỳ (莫問歸期) x Ma Ma Masivo Remix (马马马C波 x MaSivo) - DJ旋律 Remix ｜ TikTok Douyin.mp3"
2025-08-12T20:13:24 player: played "MẠC VẤN QUY KỲ x QUAN SƠN TỬU - VIETZ REMIX ｜ NHẠC HOA HOT TIKTOK 2023.mp3"
2025-08-12T20:15:47 player: played "「Hot TikTok」Mạc Vấn Quy Kỳ (莫問歸期) x Ma Ma Masivo Remix (马马马C波 x MaSivo) - DJ旋律 Remix ｜ TikTok Douyin.mp3"
2025-08-12T20:52:26 player: played "「Hot TikTok」Mạc Vấn Quy Kỳ (莫問歸期) x Ma Ma Masivo Remix (马马马C波 x MaSivo) - DJ旋律 Remix ｜ TikTok Douyin.mp3"
2025-08-12T20:57:05 player: played "MẠC VẤN QUY KỲ x QUAN SƠN TỬU - VIETZ REMIX ｜ NHẠC HOA HOT TIKTOK 2023.mp3"
2025-08-12T20:59:28 player: played "「Hot TikTok」Mạc Vấn Quy Kỳ (莫問歸期) x Ma Ma Masivo Remix (马马马C波 x MaSivo) - DJ旋律 Remix ｜ TikTok Douyin.mp3"
2025-08-12T21:04:06 player: played "MẠC VẤN QUY KỲ x QUAN SƠN TỬU - VIETZ REMIX ｜ NHẠC HOA HOT TIKTOK 2023.mp3"
2025-08-12T21:06:30 player: played "「Hot TikTok」Mạc Vấn Quy Kỳ (莫問歸期) x Ma Ma Masivo Remix (马马马C波 x MaSivo) - DJ旋律 Remix ｜ TikTok Douyin.mp3"
2025-08-12T21:11:08 player: played "MẠC VẤN QUY KỲ x QUAN SƠN TỬU - VIETZ REMIX ｜ NHẠC HOA HOT TIKTOK 2023.mp3"
2025-08-12T21:13:19 player: played "「Hot TikTok」Mạc Vấn Quy Kỳ (莫問歸期) x Ma Ma Masivo Remix (马马马C波 x MaSivo) - DJ旋律 Remix ｜ TikTok Douyin.mp3"
2025-08-12T21:17:36 player: played "MẠC VẤN QUY KỲ x QUAN SƠN TỬU - VIETZ REMIX ｜ NHẠC HOA HOT TIKTOK 2023.mp3"
2025-08-12T21:25:23 player: played "「Hot TikTok」Mạc Vấn Quy Kỳ (莫問歸期) x Ma Ma Masivo Remix (马马马C波 x MaSivo) - DJ旋律 Remix ｜ TikTok Douyin.mp3"
2025-08-12T21:28:13 update: updating /MẠC VẤN QUY KỲ x QUAN SƠN TỬU - VIETZ REMIX ｜ NHẠC HOA HOT TIKTOK 2023.mp3
2025-08-12T21:28:13 update: updating /「Hot TikTok」Mạc Vấn Quy Kỳ (莫問歸期) x Ma Ma Masivo Remix (马马马C波 x MaSivo) - DJ旋律 Remix ｜ TikTok Douyin.mp3
2025-08-12T21:28:13 update: added /八方來財 (Stacks from All Sides).mp3
2025-08-12T21:28:13 update: added /大展鴻圖 (Blueprint Supreme).mp3
2025-08-12T21:28:30 update: updating /MẠC VẤN QUY KỲ x QUAN SƠN TỬU - VIETZ REMIX ｜ NHẠC HOA HOT TIKTOK 2023.mp3
2025-08-12T21:28:30 update: updating /「Hot TikTok」Mạc Vấn Quy Kỳ (莫問歸期) x Ma Ma Masivo Remix (马马马C波 x MaSivo) - DJ旋律 Remix ｜ TikTok Douyin.mp3
2025-08-12T21:28:30 update: updating /八方來財 (Stacks from All Sides).mp3
2025-08-12T21:28:30 update: updating /大展鴻圖 (Blueprint Supreme).mp3
2025-08-12T21:30:22 player: played "八方來財 (Stacks from All Sides).mp3"
2025-08-12T21:32:45 update: updating /MẠC VẤN QUY KỲ x QUAN SƠN TỬU - VIETZ REMIX ｜ NHẠC HOA HOT TIKTOK 2023.mp3
2025-08-12T21:32:45 update: added /we can't be friends (wait for your love).mp3
2025-08-12T21:32:45 update: updating /「Hot TikTok」Mạc Vấn Quy Kỳ (莫問歸期) x Ma Ma Masivo Remix (马马马C波 x MaSivo) - DJ旋律 Remix ｜ TikTok Douyin.mp3
2025-08-12T21:32:45 update: updating /八方來財 (Stacks from All Sides).mp3
2025-08-12T21:32:45 update: updating /大展鴻圖 (Blueprint Supreme).mp3
2025-08-12T21:32:45 update: added /Ai, Cun Zai.mp3
2025-08-12T21:33:55 update: updating /MẠC VẤN QUY KỲ x QUAN SƠN TỬU - VIETZ REMIX ｜ NHẠC HOA HOT TIKTOK 2023.mp3
2025-08-12T21:33:55 update: updating /we can't be friends (wait for your love).mp3
2025-08-12T21:33:55 update: updating /「Hot TikTok」Mạc Vấn Quy Kỳ (莫問歸期) x Ma Ma Masivo Remix (马马马C波 x MaSivo) - DJ旋律 Remix ｜ TikTok Douyin.mp3
2025-08-12T21:33:55 update: updating /八方來財 (Stacks from All Sides).mp3
2025-08-12T21:33:55 update: updating /大展鴻圖 (Blueprint Supreme).mp3
2025-08-12T21:33:55 update: added /Super Shy.mp3
2025-08-12T21:33:55 update: updating /Ai, Cun Zai.mp3
2025-08-12T21:34:10 update: updating /MẠC VẤN QUY KỲ x QUAN SƠN TỬU - VIETZ REMIX ｜ NHẠC HOA HOT TIKTOK 2023.mp3
2025-08-12T21:34:10 update: updating /we can't be friends (wait for your love).mp3
2025-08-12T21:34:10 update: updating /「Hot TikTok」Mạc Vấn Quy Kỳ (莫問歸期) x Ma Ma Masivo Remix (马马马C波 x MaSivo) - DJ旋律 Remix ｜ TikTok Douyin.mp3
2025-08-12T21:34:10 update: updating /八方來財 (Stacks from All Sides).mp3
2025-08-12T21:34:10 update: updating /大展鴻圖 (Blueprint Supreme).mp3
2025-08-12T21:34:10 update: updating /Super Shy.mp3
2025-08-12T21:34:10 update: updating /Ai, Cun Zai.mp3
2025-08-12T22:51:20 player: played "Super Shy.mp3"
2025-08-13T07:20:59 update: updating /MẠC VẤN QUY KỲ x QUAN SƠN TỬU - VIETZ REMIX ｜ NHẠC HOA HOT TIKTOK 2023.mp3
2025-08-13T07:20:59 update: updating /we can't be friends (wait for your love).mp3
2025-08-13T07:20:59 update: updating /「Hot TikTok」Mạc Vấn Quy Kỳ (莫問歸期) x Ma Ma Masivo Remix (马马马C波 x MaSivo) - DJ旋律 Remix ｜ TikTok Douyin.mp3
2025-08-13T07:20:59 update: updating /八方來財 (Stacks from All Sides).mp3
2025-08-13T07:20:59 update: updating /大展鴻圖 (Blueprint Supreme).mp3
2025-08-13T07:20:59 update: updating /Super Shy.mp3
2025-08-13T07:20:59 update: updating /Ai, Cun Zai.mp3
2025-08-13T07:24:41 player: played "Super Shy.mp3"
2025-08-13T07:26:50 update: updating /MẠC VẤN QUY KỲ x QUAN SƠN TỬU - VIETZ REMIX ｜ NHẠC HOA HOT TIKTOK 2023.mp3
2025-08-13T07:26:50 update: updating /we can't be friends (wait for your love).mp3
2025-08-13T07:26:50 update: updating /「Hot TikTok」Mạc Vấn Quy Kỳ (莫問歸期) x Ma Ma Masivo Remix (马马马C波 x MaSivo) - DJ旋律 Remix ｜ TikTok Douyin.mp3
2025-08-13T07:26:50 update: updating /八方來財 (Stacks from All Sides).mp3
2025-08-13T07:26:50 update: updating /大展鴻圖 (Blueprint Supreme).mp3
2025-08-13T07:26:50 update: updating /Super Shy.mp3
2025-08-13T07:26:50 update: updating /Ai, Cun Zai.mp3
2025-08-13T07:27:04 player: played "「Hot TikTok」Mạc Vấn Quy Kỳ (莫問歸期) x Ma Ma Masivo Remix (马马马C波 x MaSivo) - DJ旋律 Remix ｜ TikTok Douyin.mp3"
2025-08-13T07:31:42 player: played "MẠC VẤN QUY KỲ x QUAN SƠN TỬU - VIETZ REMIX ｜ NHẠC HOA HOT TIKTOK 2023.mp3"
2025-08-13T07:34:35 player: played "八方來財 (Stacks from All Sides).mp3"
2025-08-13T07:38:07 player: played "大展鴻圖 (Blueprint Supreme).mp3"
2025-08-13T07:41:42 player: played "Ai, Cun Zai.mp3"
2025-08-13T07:42:41 update: updating /MẠC VẤN QUY KỲ x QUAN SƠN TỬU - VIETZ REMIX ｜ NHẠC HOA HOT TIKTOK 2023.mp3
2025-08-13T07:42:41 update: updating /we can't be friends (wait for your love).mp3
2025-08-13T07:42:41 update: updating /「Hot TikTok」Mạc Vấn Quy Kỳ (莫問歸期) x Ma Ma Masivo Remix (马马马C波 x MaSivo) - DJ旋律 Remix ｜ TikTok Douyin.mp3
2025-08-13T07:42:41 update: updating /八方來財 (Stacks from All Sides).mp3
2025-08-13T07:42:41 update: updating /大展鴻圖 (Blueprint Supreme).mp3
2025-08-13T07:42:41 update: updating /Super Shy.mp3
2025-08-13T07:42:41 update: updating /Ai, Cun Zai.mp3
2025-08-13T07:45:21 player: played "Super Shy.mp3"
2025-08-13T07:47:44 player: played "「Hot TikTok」Mạc Vấn Quy Kỳ (莫問歸期) x Ma Ma Masivo Remix (马马马C波 x MaSivo) - DJ旋律 Remix ｜ TikTok Douyin.mp3"
2025-08-13T07:56:37 update: updating /MẠC VẤN QUY KỲ x QUAN SƠN TỬU - VIETZ REMIX ｜ NHẠC HOA HOT TIKTOK 2023.mp3
2025-08-13T07:56:37 update: updating /we can't be friends (wait for your love).mp3
2025-08-13T07:56:37 update: updating /「Hot TikTok」Mạc Vấn Quy Kỳ (莫問歸期) x Ma Ma Masivo Remix (马马马C波 x MaSivo) - DJ旋律 Remix ｜ TikTok Douyin.mp3
2025-08-13T07:56:37 update: updating /八方來財 (Stacks from All Sides).mp3
2025-08-13T07:56:37 update: updating /大展鴻圖 (Blueprint Supreme).mp3
2025-08-13T07:56:37 update: updating /Super Shy.mp3
2025-08-13T07:56:37 update: updating /Ai, Cun Zai.mp3
2025-08-13T07:58:11 player: played "we can't be friends (wait for your love).mp3"
2025-08-13T07:58:13 update: updating /MẠC VẤN QUY KỲ x QUAN SƠN TỬU - VIETZ REMIX ｜ NHẠC HOA HOT TIKTOK 2023.mp3
2025-08-13T07:58:13 update: updating /we can't be friends (wait for your love).mp3
2025-08-13T07:58:13 update: updating /「Hot TikTok」Mạc Vấn Quy Kỳ (莫問歸期) x Ma Ma Masivo Remix (马马马C波 x MaSivo) - DJ旋律 Remix ｜ TikTok Douyin.mp3
2025-08-13T07:58:13 update: updating /八方來財 (Stacks from All Sides).mp3
2025-08-13T07:58:13 update: updating /大展鴻圖 (Blueprint Supreme).mp3
2025-08-13T07:58:13 update: updating /Super Shy.mp3
2025-08-13T07:58:13 update: updating /Ai, Cun Zai.mp3
2025-08-13T08:00:05 player: played "「Hot TikTok」Mạc Vấn Quy Kỳ (莫問歸期) x Ma Ma Masivo Remix (马马马C波 x MaSivo) - DJ旋律 Remix ｜ TikTok Douyin.mp3"
2025-08-13T08:00:07 update: updating /MẠC VẤN QUY KỲ x QUAN SƠN TỬU - VIETZ REMIX ｜ NHẠC HOA HOT TIKTOK 2023.mp3
2025-08-13T08:00:07 update: updating /we can't be friends (wait for your love).mp3
2025-08-13T08:00:07 update: updating /「Hot TikTok」Mạc Vấn Quy Kỳ (莫問歸期) x Ma Ma Masivo Remix (马马马C波 x MaSivo) - DJ旋律 Remix ｜ TikTok Douyin.mp3
2025-08-13T08:00:07 update: updating /八方來財 (Stacks from All Sides).mp3
2025-08-13T08:00:07 update: updating /大展鴻圖 (Blueprint Supreme).mp3
2025-08-13T08:00:07 update: updating /Super Shy.mp3
2025-08-13T08:00:07 update: updating /Ai, Cun Zai.mp3
2025-08-13T08:04:43 player: played "「Hot TikTok」Mạc Vấn Quy Kỳ (莫問歸期) x Ma Ma Masivo Remix (马马马C波 x MaSivo) - DJ旋律 Remix ｜ TikTok Douyin.mp3"
2025-08-13T08:09:21 player: played "MẠC VẤN QUY KỲ x QUAN SƠN TỬU - VIETZ REMIX ｜ NHẠC HOA HOT TIKTOK 2023.mp3"
2025-08-13T08:12:15 player: played "八方來財 (Stacks from All Sides).mp3"
2025-08-13T08:15:46 player: played "大展鴻圖 (Blueprint Supreme).mp3"
2025-08-13T08:20:30 player: played "Ai, Cun Zai.mp3"
2025-08-13T08:24:19 player: played "we can't be friends (wait for your love).mp3"
2025-08-13T08:26:54 player: played "Super Shy.mp3"
2025-08-13T08:29:17 player: played "「Hot TikTok」Mạc Vấn Quy Kỳ (莫問歸期) x Ma Ma Masivo Remix (马马马C波 x MaSivo) - DJ旋律 Remix ｜ TikTok Douyin.mp3"
2025-08-13T08:33:55 player: played "MẠC VẤN QUY KỲ x QUAN SƠN TỬU - VIETZ REMIX ｜ NHẠC HOA HOT TIKTOK 2023.mp3"
2025-08-13T08:36:49 player: played "八方來財 (Stacks from All Sides).mp3"
2025-08-13T08:40:20 player: played "大展鴻圖 (Blueprint Supreme).mp3"
2025-08-13T08:45:04 player: played "Ai, Cun Zai.mp3"
2025-08-13T08:49:24 player: played "「Hot TikTok」Mạc Vấn Quy Kỳ (莫問歸期) x Ma Ma Masivo Remix (马马马C波 x MaSivo) - DJ旋律 Remix ｜ TikTok Douyin.mp3"
2025-08-13T09:46:06 update: updating /MẠC VẤN QUY KỲ x QUAN SƠN TỬU - VIETZ REMIX ｜ NHẠC HOA HOT TIKTOK 2023.mp3
2025-08-13T09:46:06 update: updating /we can't be friends (wait for your love).mp3
2025-08-13T09:46:06 update: updating /「Hot TikTok」Mạc Vấn Quy Kỳ (莫問歸期) x Ma Ma Masivo Remix (马马马C波 x MaSivo) - DJ旋律 Remix ｜ TikTok Douyin.mp3
2025-08-13T09:46:06 update: updating /八方來財 (Stacks from All Sides).mp3
2025-08-13T09:46:06 update: updating /大展鴻圖 (Blueprint Supreme).mp3
2025-08-13T09:46:06 update: updating /Super Shy.mp3
2025-08-13T09:46:06 update: updating /Ai, Cun Zai.mp3
2025-08-13T09:48:31 player: played "「Hot TikTok」Mạc Vấn Quy Kỳ (莫問歸期) x Ma Ma Masivo Remix (马马马C波 x MaSivo) - DJ旋律 Remix ｜ TikTok Douyin.mp3"
2025-08-13T09:50:28 player: played "大展鴻圖 (Blueprint Supreme).mp3"
2025-08-13T10:44:07 update: updating /MẠC VẤN QUY KỲ x QUAN SƠN TỬU - VIETZ REMIX ｜ NHẠC HOA HOT TIKTOK 2023.mp3
2025-08-13T10:44:07 update: updating /we can't be friends (wait for your love).mp3
2025-08-13T10:44:07 update: updating /「Hot TikTok」Mạc Vấn Quy Kỳ (莫問歸期) x Ma Ma Masivo Remix (马马马C波 x MaSivo) - DJ旋律 Remix ｜ TikTok Douyin.mp3
2025-08-13T10:44:07 update: updating /八方來財 (Stacks from All Sides).mp3
2025-08-13T10:44:07 update: updating /大展鴻圖 (Blueprint Supreme).mp3
2025-08-13T10:44:07 update: updating /Super Shy.mp3
2025-08-13T10:44:07 update: updating /Ai, Cun Zai.mp3
2025-08-13T10:51:43 player: played "Ai, Cun Zai.mp3"
2025-08-13T10:53:37 player: played "we can't be friends (wait for your love).mp3"
2025-08-13T10:57:54 player: played "大展鴻圖 (Blueprint Supreme).mp3"
2025-08-13T10:58:29 player: played "Ai, Cun Zai.mp3"
2025-08-13T11:03:48 player: played "大展鴻圖 (Blueprint Supreme).mp3"
2025-08-13T11:07:21 player: played "大展鴻圖 (Blueprint Supreme).mp3"
2025-08-13T11:10:48 player: played "大展鴻圖 (Blueprint Supreme).mp3"
2025-08-13T11:12:30 player: played "大展鴻圖 (Blueprint Supreme).mp3"
2025-08-13T11:18:51 player: played "Ai, Cun Zai.mp3"
2025-08-13T11:26:38 player: played "八方來財 (Stacks from All Sides).mp3"
2025-08-13T11:38:27 player: played "八方來財 (Stacks from All Sides).mp3"
2025-08-13T11:38:49 update: updating /MẠC VẤN QUY KỲ x QUAN SƠN TỬU - VIETZ REMIX ｜ NHẠC HOA HOT TIKTOK 2023.mp3
2025-08-13T11:38:49 update: updating /we can't be friends (wait for your love).mp3
2025-08-13T11:38:49 update: updating /「Hot TikTok」Mạc Vấn Quy Kỳ (莫問歸期) x Ma Ma Masivo Remix (马马马C波 x MaSivo) - DJ旋律 Remix ｜ TikTok Douyin.mp3
2025-08-13T11:38:49 update: updating /八方來財 (Stacks from All Sides).mp3
2025-08-13T11:38:49 update: updating /大展鴻圖 (Blueprint Supreme).mp3
2025-08-13T11:38:49 update: updating /Super Shy.mp3
2025-08-13T11:38:49 update: updating /Ai, Cun Zai.mp3
2025-08-13T11:42:18 player: played "Super Shy.mp3"
2025-08-13T11:45:03 update: updating /MẠC VẤN QUY KỲ x QUAN SƠN TỬU - VIETZ REMIX ｜ NHẠC HOA HOT TIKTOK 2023.mp3
2025-08-13T11:45:03 update: updating /we can't be friends (wait for your love).mp3
2025-08-13T11:45:03 update: updating /「Hot TikTok」Mạc Vấn Quy Kỳ (莫問歸期) x Ma Ma Masivo Remix (马马马C波 x MaSivo) - DJ旋律 Remix ｜ TikTok Douyin.mp3
2025-08-13T11:45:03 update: updating /八方來財 (Stacks from All Sides).mp3
2025-08-13T11:45:03 update: updating /大展鴻圖 (Blueprint Supreme).mp3
2025-08-13T11:45:03 update: updating /Super Shy.mp3
2025-08-13T11:45:03 update: updating /Ai, Cun Zai.mp3
2025-08-13T11:50:13 player: played "MẠC VẤN QUY KỲ x QUAN SƠN TỬU - VIETZ REMIX ｜ NHẠC HOA HOT TIKTOK 2023.mp3"
2025-08-13T13:44:20 update: updating /MẠC VẤN QUY KỲ x QUAN SƠN TỬU - VIETZ REMIX ｜ NHẠC HOA HOT TIKTOK 2023.mp3
2025-08-13T13:44:20 update: updating /we can't be friends (wait for your love).mp3
2025-08-13T13:44:20 update: updating /「Hot TikTok」Mạc Vấn Quy Kỳ (莫問歸期) x Ma Ma Masivo Remix (马马马C波 x MaSivo) - DJ旋律 Remix ｜ TikTok Douyin.mp3
2025-08-13T13:44:20 update: updating /八方來財 (Stacks from All Sides).mp3
2025-08-13T13:44:20 update: updating /大展鴻圖 (Blueprint Supreme).mp3
2025-08-13T13:44:20 update: updating /Super Shy.mp3
2025-08-13T13:44:20 update: updating /Ai, Cun Zai.mp3
2025-08-13T13:46:23 update: updating /MẠC VẤN QUY KỲ x QUAN SƠN TỬU - VIETZ REMIX ｜ NHẠC HOA HOT TIKTOK 2023.mp3
2025-08-13T13:46:23 update: updating /we can't be friends (wait for your love).mp3
2025-08-13T13:46:23 update: updating /「Hot TikTok」Mạc Vấn Quy Kỳ (莫問歸期) x Ma Ma Masivo Remix (马马马C波 x MaSivo) - DJ旋律 Remix ｜ TikTok Douyin.mp3
2025-08-13T13:46:23 update: updating /八方來財 (Stacks from All Sides).mp3
2025-08-13T13:46:23 update: updating /大展鴻圖 (Blueprint Supreme).mp3
2025-08-13T13:46:23 update: updating /Super Shy.mp3
2025-08-13T13:46:23 update: updating /Ai, Cun Zai.mp3
2025-08-13T13:51:13 player: played "Super Shy.mp3"
2025-08-13T13:55:00 player: played "「Hot TikTok」Mạc Vấn Quy Kỳ (莫問歸期) x Ma Ma Masivo Remix (马马马C波 x MaSivo) - DJ旋律 Remix ｜ TikTok Douyin.mp3"
